make all --print-data-base --no-builtin-variables --no-builtin-rules --question
# GNU Make 3.81
# Copyright (C) 2006  Free Software Foundation, Inc.
# This is free software; see the source for copying conditions.
# There is NO warranty; not even for MERCHANTABILITY or FITNESS FOR A
# PARTICULAR PURPOSE.

# This program built for i386-apple-darwin11.3.0
 

# Make data base, printed on Sun Nov 28 14:50:28 2021

# Variables

 
# automatic
<D = $(patsubst %/,%,$(dir $<))
# automatic
?F = $(notdir $?)
# environment
ELECTRON_NO_ATTACH_CONSOLE = 1
# makefile (from `Makefile', line 19)
OBJ = $(SRC:$(SRCDIR)/%$(EXT)=$(OBJDIR)/%.o)
# environment
EC2_HOME = /Users/josephhellerstein/util/ec2-api-tools-1.7.0.2
# makefile (from `Makefile', line 18)
SRC = $(wildcard $(SRCDIR)/*$(EXT))
# environment
VSCODE_LOG_NATIVE = false
# automatic
?D = $(patsubst %/,%,$(dir $?))
# automatic
@D = $(patsubst %/,%,$(dir $@))
# makefile (from `Makefile', line 27)
EXE = .exe
# automatic
@F = $(notdir $@)
# makefile
CURDIR := /Users/josephhellerstein/home/Technical/Arduino/RCCar/RCCar
# makefile
SHELL = /bin/sh
# makefile (from `Makefile', line 23)
RM = rm -f
# environment
VSCODE_NLS_CONFIG = {"locale":"en-us","availableLanguages":{},"_languagePackSupport":true}
# environment
_ = /usr/bin/make
# makefile (from `Makefile', line 1)
MAKEFILE_LIST :=  Makefile
# makefile (from `Makefile', line 7)
CXXFLAGS = -std=c++11 -Wall -Wextra -g
# environment
VSCODE_VERBOSE_LOGGING = true
# environment
__CFBundleIdentifier = com.microsoft.VSCode
# makefile (from `Makefile', line 26)
DEL = del
# environment
VSCODE_IPC_HOOK_EXTHOST = /var/folders/6y/rq13sqp54r18bv8pf6srg4dm0000gn/T/vscode-ipc-b601c661-9731-48c6-87dd-4df91da45029.sock
# environment
VSCODE_CWD = /Users/josephhellerstein/home/Technical/Arduino/RCCar/RCCar
# environment
AWS_ACCESS_KEY = AKIAIN2YTNAWGEKRTZSQ
# environment
PATH = .:/Users/josephhellerstein/bin:/Users/josephhellerstein/util://miniconda3/bin:/miniconda3/bin:/Users/josephhellerstein/util/ec2-api-tools-1.7.0.2/bin:/Users/josephhellerstein/anaconda/bin:/usr/local/bin:/usr/bin:/bin:/usr/sbin:/sbin:/Applications/VMware Fusion.app/Contents/Public:/Library/TeX/texbin:/Library/Apple/usr/bin:/Usr/local/mysql/bin
# makefile (from `Makefile', line 21)
DEP = $(OBJ:$(OBJDIR)/%.o=%.d)
# environment
LaunchInstanceID = 8DAE1799-499B-471C-903A-FFC9C71F5182
# environment
VSCODE_LOG_STACK = false
# environment
ELECTRON_RUN_AS_NODE = 1
# makefile (from `Makefile', line 8)
LDFLAGS = 
# default
.FEATURES := target-specific order-only second-expansion else-if archives jobserver check-symlink
# environment
SSH_AUTH_SOCK = /private/tmp/com.apple.launchd.tmQ6XQ2s2w/Listeners
# makefile (from `Makefile', line 13)
SRCDIR = .
# automatic
%F = $(notdir $%)
# environment
VSCODE_PIPE_LOGGING = true
# environment
PWD = /Users/josephhellerstein/home/Technical/Arduino/RCCar/RCCar
# environment
ORIGINAL_XDG_CURRENT_DESKTOP = undefined
# environment
VSCODE_AMD_ENTRYPOINT = vs/workbench/services/extensions/node/extensionHostProcess
# environment
HOME = /Users/josephhellerstein
# default
MAKEFILEPATH = $(shell /usr/bin/xcode-select -print-path 2>/dev/null || echo /Developer)/Makefiles
# environment
VSCODE_CLI = 1
# environment
VSCODE_CODE_CACHE_PATH = /Users/josephhellerstein/Library/Application Support/Code/CachedData/ccbaa2d27e38e5afa3e5c21c1c7bef4657064247
# environment
LOGNAME = josephhellerstein
# environment
APPLICATION_INSIGHTS_NO_DIAGNOSTIC_CHANNEL = true
# makefile (from `Makefile', line 24)
DELOBJ = $(OBJ)
# environment
AWS_SECRET_KEY = Mo4pR2HHn6Z/1s7khMn3ThFPSM5hFmkQFCU+//J2
# environment
VSCODE_HANDLES_UNCAUGHT_ERRORS = true
# automatic
^D = $(patsubst %/,%,$(dir $^))
# environment
XPC_FLAGS = 0x0
# default
MAKE = $(MAKE_COMMAND)
# default
MAKECMDGOALS := all
# environment
SHLVL = 4
# makefile (from `Makefile', line 6)
CC = g++
# environment
JAVA_HOME = 
# default
MAKE_VERSION := 3.81
# environment
USER = josephhellerstein
# makefile
.DEFAULT_GOAL := all
# environment
TERM_SESSION_ID = E5FF7C19-E597-41B4-AEAF-F82F569FE844
# automatic
%D = $(patsubst %/,%,$(dir $%))
# makefile (from `Makefile', line 20)
LIBOBJ = $(LIBDIR)/*.o
# default
MAKE_COMMAND := /Library/Developer/CommandLineTools/usr/bin/make
# makefile (from `Makefile', line 15)
LIBDIR = /Users/josephhellerstein/home/Technical/Arduino/arduino_mocks
# environment
TERM_PROGRAM = Apple_Terminal
# default
.VARIABLES := 
# environment
TMPDIR = /var/folders/6y/rq13sqp54r18bv8pf6srg4dm0000gn/T/
# automatic
*F = $(notdir $*)
# environment
VSCODE_IPC_HOOK = /Users/josephhellerstein/Library/Application Support/Code/1.62.3-main.sock
# makefile (from `Makefile', line 12)
EXT = .cpp
# makefile
MAKEFLAGS = Rrqp
# environment
MFLAGS = -Rrqp
# automatic
*D = $(patsubst %/,%,$(dir $*))
# environment
TERM_PROGRAM_VERSION = 440
# environment
XPC_SERVICE_NAME = application.com.microsoft.VSCode.67166546.67166552.CB29CC6D-BBA9-4FE3-AB1E-E9D35A32A732
# automatic
+D = $(patsubst %/,%,$(dir $+))
# automatic
+F = $(notdir $+)
# makefile (from `Makefile', line 11)
APPNAME = mock_RCCar
# environment
__CF_USER_TEXT_ENCODING = 0x1F5:0x0:0x0
# environment
COMMAND_MODE = unix2003
# default
MAKEFILES := 
# automatic
<F = $(notdir $<)
# makefile (from `Makefile', line 14)
OBJDIR = .
# environment
LC_ALL = C
# makefile (from `Makefile', line 28)
WDELOBJ = $(SRC:$(SRCDIR)/%$(EXT)=$(OBJDIR)\\%.o)
# environment
SECURITYSESSIONID = 186a8
# automatic
^F = $(notdir $^)
# default
SUFFIXES := 
# default
.INCLUDE_DIRS = /usr/local/include
# environment
MAKELEVEL := 0
# environment
LANG = C
# environment
TERM = xterm-256color
# environment
VSCODE_PID = 429
# variable set hash-table stats:
# Load=91/1024=9%, Rehash=0, Collisions=3/131=2%

# Pattern-specific Variable Values

# No pattern-specific variable values.

# Directories

# . (device 16777221, inode 67562384): 18 files, no impossibilities.
# /Users/josephhellerstein/home/Technical/Arduino/arduino_mocks (device 16777221, inode 67714962): 26 files, no impossibilities.

# 44 files, no impossibilities in 2 directories.

# Implicit Rules

%.d: ./%.cpp
#  commands to execute (from `Makefile', line 45):
	@$(CPP) $(CFLAGS) $< -MM -MT $(@:%.d=$(OBJDIR)/%.o) >$@
	

%.o: ./%.cpp
#  commands to execute (from `Makefile', line 52):
	$(CC) $(CXXFLAGS) -o $@ -c $< -I$(LIBDIR)
	

# 2 implicit rules, 0 (0.0%) terminal.

# Files

# Not a target:
/Users/josephhellerstein/home/Technical/Arduino/arduino_mocks/SR04.cpp:
#  Implicit rule search has been done.
#  Last modified 2021-11-28 14:19:59
#  File has been updated.
#  Successfully updated.
# variable set hash-table stats:
# Load=0/32=0%, Rehash=0, Collisions=0/0=0%

mock_RCCar: RCCar.o main.o ultra_sonic.o /Users/josephhellerstein/home/Technical/Arduino/arduino_mocks/Arduino.o /Users/josephhellerstein/home/Technical/Arduino/arduino_mocks/SR04.o /Users/josephhellerstein/home/Technical/Arduino/arduino_mocks/SoftwareSerial.o
 
#  Implicit rule search has not been done.
#  Last modified 2021-11-28 14:49:58
#  File has been updated.
#  Successfully updated.
# variable set hash-table stats:
# Load=0/32=0%, Rehash=0, Collisions=0/0=0%
#  commands to execute (from `Makefile', line 40):
	rm -f $(LIBDIR)/main.o
	$(CC) $(CXXFLAGS) -o $@ $^ -I$(LIBDIR) -L$(LIBDIR) $(LDFLAGS)
	

# Not a target:
/Users/josephhellerstein/home/Technical/Arduino/arduino_mocks/SoftwareSerial.cpp:
#  Implicit rule search has been done.
#  Last modified 2021-11-28 14:43:33
#  File has been updated.
#  Successfully updated.
# variable set hash-table stats:
# Load=0/32=0%, Rehash=0, Collisions=0/0=0%

ultra_sonic.o: ultra_sonic.cpp
#  Implicit rule search has been done.
#  Implicit/static pattern stem: `ultra_sonic'
#  Last modified 2021-11-28 14:49:58
#  File has been updated.
#  Successfully updated.
# variable set hash-table stats:
# Load=0/32=0%, Rehash=0, Collisions=0/0=0%
#  commands to execute (from `Makefile', line 52):
	$(CC) $(CXXFLAGS) -o $@ -c $< -I$(LIBDIR)
	

all: mock_RCCar
#  Command-line target.
#  Implicit rule search has been done.
#  File does not exist.
#  File has been updated.
#  Successfully updated.
# variable set hash-table stats:
# Load=0/32=0%, Rehash=0, Collisions=0/0=0%

.PHONY: clean cleandep cleanw cleandepw
#  Implicit rule search has not been done.
#  Modification time never checked.
#  File has not been updated.

# Not a target:
/Users/josephhellerstein/home/Technical/Arduino/arduino_mocks/Arduino.cpp:
#  Implicit rule search has been done.
#  Last modified 2021-11-28 14:35:16
#  File has been updated.
#  Successfully updated.
# variable set hash-table stats:
# Load=0/32=0%, Rehash=0, Collisions=0/0=0%

# Not a target:
.SUFFIXES:
#  Implicit rule search has not been done.
#  Modification time never checked.
#  File has not been updated.

# Not a target:
Makefile:
#  Implicit rule search has been done.
#  Last modified 2021-11-28 14:49:53
#  File has been updated.
#  Successfully updated.
# variable set hash-table stats:
# Load=0/32=0%, Rehash=0, Collisions=0/0=0%

# Not a target:
RCCar.cpp:
#  Implicit rule search has been done.
#  Last modified 2021-11-28 14:46:19
#  File has been updated.
#  Successfully updated.
# variable set hash-table stats:
# Load=0/32=0%, Rehash=0, Collisions=0/0=0%

# Not a target:
main.cpp:
#  Implicit rule search has been done.
#  Last modified 2021-11-28 10:59:18
#  File has been updated.
#  Successfully updated.
# variable set hash-table stats:
# Load=0/32=0%, Rehash=0, Collisions=0/0=0%

/Users/josephhellerstein/home/Technical/Arduino/arduino_mocks/SR04.o: /Users/josephhellerstein/home/Technical/Arduino/arduino_mocks/SR04.cpp
#  Implicit rule search has been done.
#  Implicit/static pattern stem: `/Users/josephhellerstein/home/Technical/Arduino/arduino_mocks/SR04'
#  Last modified 2021-11-28 14:43:24
#  File has been updated.
#  Successfully updated.
# variable set hash-table stats:
# Load=0/32=0%, Rehash=0, Collisions=0/0=0%
#  commands to execute (from `Makefile', line 52):
	$(CC) $(CXXFLAGS) -o $@ -c $< -I$(LIBDIR)
	

cleanw:
#  Phony target (prerequisite of .PHONY).
#  Implicit rule search has not been done.
#  File does not exist.
#  File has not been updated.
#  commands to execute (from `Makefile', line 69):
	$(DEL) $(WDELOBJ) $(DEP) $(APPNAME)$(EXE)
	

/Users/josephhellerstein/home/Technical/Arduino/arduino_mocks/SoftwareSerial.o: /Users/josephhellerstein/home/Technical/Arduino/arduino_mocks/SoftwareSerial.cpp
#  Implicit rule search has been done.
#  Implicit/static pattern stem: `/Users/josephhellerstein/home/Technical/Arduino/arduino_mocks/SoftwareSerial'
#  Last modified 2021-11-28 14:43:35
#  File has been updated.
#  Successfully updated.
# variable set hash-table stats:
# Load=0/32=0%, Rehash=0, Collisions=0/0=0%
#  commands to execute (from `Makefile', line 52):
	$(CC) $(CXXFLAGS) -o $@ -c $< -I$(LIBDIR)
	

# Not a target:
.DEFAULT:
#  Implicit rule search has not been done.
#  Modification time never checked.
#  File has not been updated.

# Not a target:
ultra_sonic.cpp:
#  Implicit rule search has been done.
#  Last modified 2021-11-28 10:47:55
#  File has been updated.
#  Successfully updated.
# variable set hash-table stats:
# Load=0/32=0%, Rehash=0, Collisions=0/0=0%

cleandep:
#  Phony target (prerequisite of .PHONY).
#  Implicit rule search has not been done.
#  File does not exist.
#  File has not been updated.
#  commands to execute (from `Makefile', line 63):
	$(RM) $(DEP)
	

cleandepw:
#  Phony target (prerequisite of .PHONY).
#  Implicit rule search has not been done.
#  File does not exist.
#  File has not been updated.
#  commands to execute (from `Makefile', line 74):
	$(DEL) $(DEP)
	

/Users/josephhellerstein/home/Technical/Arduino/arduino_mocks/Arduino.o: /Users/josephhellerstein/home/Technical/Arduino/arduino_mocks/Arduino.cpp
#  Implicit rule search has been done.
#  Implicit/static pattern stem: `/Users/josephhellerstein/home/Technical/Arduino/arduino_mocks/Arduino'
#  Last modified 2021-11-28 14:43:24
#  File has been updated.
#  Successfully updated.
# variable set hash-table stats:
# Load=0/32=0%, Rehash=0, Collisions=0/0=0%
#  commands to execute (from `Makefile', line 52):
	$(CC) $(CXXFLAGS) -o $@ -c $< -I$(LIBDIR)
	

clean:
#  Phony target (prerequisite of .PHONY).
#  Implicit rule search has not been done.
#  File does not exist.
#  File has not been updated.
#  commands to execute (from `Makefile', line 58):
	$(RM) $(DELOBJ) $(DEP) $(APPNAME)
	

RCCar.o: RCCar.cpp
#  Implicit rule search has been done.
#  Implicit/static pattern stem: `RCCar'
#  Last modified 2021-11-28 14:49:58
#  File has been updated.
#  Successfully updated.
# variable set hash-table stats:
# Load=0/32=0%, Rehash=0, Collisions=0/0=0%
#  commands to execute (from `Makefile', line 52):
	$(CC) $(CXXFLAGS) -o $@ -c $< -I$(LIBDIR)
	

main.o: main.cpp
#  Implicit rule search has been done.
#  Implicit/static pattern stem: `main'
#  Last modified 2021-11-28 14:49:58
#  File has been updated.
#  Successfully updated.
# variable set hash-table stats:
# Load=0/32=0%, Rehash=0, Collisions=0/0=0%
#  commands to execute (from `Makefile', line 52):
	$(CC) $(CXXFLAGS) -o $@ -c $< -I$(LIBDIR)
	

# files hash-table stats:
# Load=22/1024=2%, Rehash=0, Collisions=0/67=0%
# VPATH Search Paths

# No `vpath' search paths.

# No general (`VPATH' variable) search path.

# # of strings in strcache: 1
# # of strcache buffers: 1
# strcache size: total = 4096 / max = 4096 / min = 4096 / avg = 4096
# strcache free: total = 4087 / max = 4087 / min = 4087 / avg = 4087

# Finished Make data base on Sun Nov 28 14:50:28 2021

 
